<?xml version="1.0" encoding="UTF-8"?>
<testng-results total="3" passed="3" failed="0" skipped="0">
  <reporter-output>
  </reporter-output>
  <suite started-at="2024-09-06T14:31:23Z" name="Default suite" finished-at="2024-09-06T14:31:43Z" duration-ms="19352">
    <groups>
    </groups>
    <test started-at="2024-09-06T14:31:23Z" name="Default test" finished-at="2024-09-06T14:31:43Z" duration-ms="19352">
      <class name="AilivateAi">
        <test-method signature="test1(java.lang.String, java.lang.String, java.lang.String, java.lang.String)[pri:0, instance:AilivateAi@3e6104fc]" started-at="2024-09-06T20:01:24Z" name="test1" data-provider="dataProviderMethod" finished-at="2024-09-06T20:01:30Z" duration-ms="6821" status="PASS">
          <params>
            <param index="0">
              <value>
                <![CDATA[Janaki Sriram]]>
              </value>
            </param>
            <param index="1">
              <value>
                <![CDATA[ganesulajanakisriram@gmail.com]]>
              </value>
            </param>
            <param index="2">
              <value>
                <![CDATA[Sriram@123]]>
              </value>
            </param>
            <param index="3">
              <value>
                <![CDATA[Sriram@123]]>
              </value>
            </param>
          </params>
          <reporter-output>
          </reporter-output>
        </test-method> <!-- test1 -->
        <test-method signature="test1(java.lang.String, java.lang.String, java.lang.String, java.lang.String)[pri:0, instance:AilivateAi@3e6104fc]" started-at="2024-09-06T20:01:30Z" name="test1" data-provider="dataProviderMethod" finished-at="2024-09-06T20:01:37Z" duration-ms="6123" status="PASS">
          <params>
            <param index="0">
              <value>
                <![CDATA[sai]]>
              </value>
            </param>
            <param index="1">
              <value>
                <![CDATA[sai@gmail.com]]>
              </value>
            </param>
            <param index="2">
              <value>
                <![CDATA[hai@1]]>
              </value>
            </param>
            <param index="3">
              <value>
                <![CDATA[hai@1]]>
              </value>
            </param>
          </params>
          <reporter-output>
          </reporter-output>
        </test-method> <!-- test1 -->
        <test-method signature="test1(java.lang.String, java.lang.String, java.lang.String, java.lang.String)[pri:0, instance:AilivateAi@3e6104fc]" started-at="2024-09-06T20:01:37Z" name="test1" data-provider="dataProviderMethod" finished-at="2024-09-06T20:01:43Z" duration-ms="6233" status="PASS">
          <params>
            <param index="0">
              <value>
                <![CDATA[ganesh]]>
              </value>
            </param>
            <param index="1">
              <value>
                <![CDATA[ganesh@123]]>
              </value>
            </param>
            <param index="2">
              <value>
                <![CDATA[jai@3]]>
              </value>
            </param>
            <param index="3">
              <value>
                <![CDATA[jai@3]]>
              </value>
            </param>
          </params>
          <reporter-output>
          </reporter-output>
        </test-method> <!-- test1 -->
      </class> <!-- AilivateAi -->
    </test> <!-- Default test -->
  </suite> <!-- Default suite -->
</testng-results>
